0 verbose cli C:\Program Files\nodejs\node.exe C:\Program Files\nodejs\node_modules\npm\bin\npm-cli.js
1 info using npm@10.5.0
2 info using node@v21.7.0
3 timing npm:load:whichnode Completed in 14ms
4 timing config:load:defaults Completed in 2ms
5 timing config:load:file:C:\Program Files\nodejs\node_modules\npm\npmrc Completed in 45ms
6 timing config:load:builtin Completed in 46ms
7 timing config:load:cli Completed in 2ms
8 timing config:load:env Completed in 1ms
9 timing config:load:file:C:\Users\alexa\Documents\eleven_rifas-master\.npmrc Completed in 41ms
10 timing config:load:project Completed in 47ms
11 timing config:load:file:C:\Users\alexa\.npmrc Completed in 3ms
12 timing config:load:user Completed in 5ms
13 timing config:load:file:C:\Users\alexa\AppData\Roaming\npm\etc\npmrc Completed in 1ms
14 timing config:load:global Completed in 3ms
15 timing config:load:setEnvs Completed in 1ms
16 timing config:load Completed in 113ms
17 timing npm:load:configload Completed in 114ms
18 timing config:load:flatten Completed in 5ms
19 timing npm:load:mkdirpcache Completed in 1ms
20 timing npm:load:mkdirplogs Completed in 0ms
21 verbose title npm run build
22 verbose argv "run" "build"
23 timing npm:load:setTitle Completed in 1ms
24 timing npm:load:display Completed in 1ms
25 verbose logfile logs-max:10 dir:C:\Users\alexa\Documents\eleven_rifas-master\.npm-cache\_logs\2025-08-30T15_33_53_020Z-
26 verbose logfile C:\Users\alexa\Documents\eleven_rifas-master\.npm-cache\_logs\2025-08-30T15_33_53_020Z-debug-0.log
27 timing npm:load:logFile Completed in 53ms
28 timing npm:load:timers Completed in 0ms
29 timing npm:load:configScope Completed in 0ms
30 timing npm:load Completed in 303ms
31 silly logfile start cleaning logs, removing 1 files
32 silly logfile done cleaning log files
33 timing command:run Completed in 478213ms
34 verbose exit 0
35 timing npm Completed in 478790ms
36 info ok
