0 verbose cli C:\Program Files\nodejs\node.exe C:\Program Files\nodejs\node_modules\npm\bin\npm-cli.js
1 info using npm@10.5.0
2 info using node@v21.7.0
3 timing npm:load:whichnode Completed in 2ms
4 timing config:load:defaults Completed in 2ms
5 timing config:load:file:C:\Program Files\nodejs\node_modules\npm\npmrc Completed in 13ms
6 timing config:load:builtin Completed in 14ms
7 timing config:load:cli Completed in 3ms
8 timing config:load:env Completed in 1ms
9 timing config:load:file:C:\Users\alexa\Documents\eleven_rifas-master\.npmrc Completed in 1ms
10 timing config:load:project Completed in 3ms
11 timing config:load:file:C:\Users\alexa\.npmrc Completed in 1ms
12 timing config:load:user Completed in 1ms
13 timing config:load:file:C:\Users\alexa\AppData\Roaming\npm\etc\npmrc Completed in 1ms
14 timing config:load:global Completed in 1ms
15 timing config:load:setEnvs Completed in 2ms
16 timing config:load Completed in 27ms
17 timing npm:load:configload Completed in 27ms
18 timing config:load:flatten Completed in 5ms
19 timing npm:load:mkdirpcache Completed in 2ms
20 timing npm:load:mkdirplogs Completed in 1ms
21 verbose title npm run build:check
22 verbose argv "run" "build:check"
23 timing npm:load:setTitle Completed in 1ms
24 timing npm:load:display Completed in 1ms
25 verbose logfile logs-max:10 dir:C:\Users\alexa\Documents\eleven_rifas-master\.npm-cache\_logs\2025-08-25T06_30_53_911Z-
26 verbose logfile C:\Users\alexa\Documents\eleven_rifas-master\.npm-cache\_logs\2025-08-25T06_30_53_911Z-debug-0.log
27 timing npm:load:logFile Completed in 16ms
28 timing npm:load:timers Completed in 0ms
29 timing npm:load:configScope Completed in 0ms
30 timing npm:load Completed in 90ms
31 silly logfile done cleaning log files
32 http fetch GET 200 https://registry.npmjs.org/npm 679ms
33 timing command:run Completed in 1215ms
34 notice
34 notice New [31mmajor[39m version of npm available! [31m10.5.0[39m -> [32m11.5.2[39m
34 notice Changelog: [36mhttps://github.com/npm/cli/releases/tag/v11.5.2[39m
34 notice Run [32mnpm install -g npm@11.5.2[39m to update!
34 notice
35 verbose exit 0
36 timing npm Completed in 1420ms
37 info ok
