0 verbose cli C:\Program Files\nodejs\node.exe C:\Program Files\nodejs\node_modules\npm\bin\npm-cli.js
1 info using npm@10.5.0
2 info using node@v21.7.0
3 timing npm:load:whichnode Completed in 2ms
4 timing config:load:defaults Completed in 2ms
5 timing config:load:file:C:\Program Files\nodejs\node_modules\npm\npmrc Completed in 3ms
6 timing config:load:builtin Completed in 3ms
7 timing config:load:cli Completed in 2ms
8 timing config:load:env Completed in 1ms
9 timing config:load:file:C:\Users\alexa\Documents\eleven_rifas-master\.npmrc Completed in 1ms
10 timing config:load:project Completed in 10ms
11 timing config:load:file:C:\Users\alexa\.npmrc Completed in 0ms
12 timing config:load:user Completed in 0ms
13 timing config:load:file:C:\Users\alexa\AppData\Roaming\npm\etc\npmrc Completed in 1ms
14 timing config:load:global Completed in 1ms
15 timing config:load:setEnvs Completed in 1ms
16 timing config:load Completed in 20ms
17 timing npm:load:configload Completed in 21ms
18 timing config:load:flatten Completed in 3ms
19 timing npm:load:mkdirpcache Completed in 0ms
20 timing npm:load:mkdirplogs Completed in 1ms
21 verbose title npm run dev
22 verbose argv "run" "dev"
23 timing npm:load:setTitle Completed in 1ms
24 timing npm:load:display Completed in 0ms
25 verbose logfile logs-max:10 dir:C:\Users\alexa\Documents\eleven_rifas-master\.npm-cache\_logs\2025-08-25T19_30_47_644Z-
26 verbose logfile C:\Users\alexa\Documents\eleven_rifas-master\.npm-cache\_logs\2025-08-25T19_30_47_644Z-debug-0.log
27 timing npm:load:logFile Completed in 14ms
28 timing npm:load:timers Completed in 0ms
29 timing npm:load:configScope Completed in 0ms
30 timing npm:load Completed in 74ms
31 silly logfile start cleaning logs, removing 3 files
32 silly logfile done cleaning log files
33 timing command:run Completed in 21238543ms
34 verbose stack Error: kill EPERM
34 verbose stack     at ChildProcess.kill (node:internal/child_process:512:26)
34 verbose stack     at process.handleSignal (C:\Program Files\nodejs\node_modules\npm\node_modules\@npmcli\run-script\lib\signal-manager.js:14:10)
34 verbose stack     at process.emit (node:events:519:28)
35 verbose pkgid eleven_rifas@0.1.0
36 verbose cwd C:\Users\alexa\Documents\eleven_rifas-master
37 verbose Windows_NT 10.0.22621
38 verbose node v21.7.0
39 verbose npm  v10.5.0
40 error code EPERM
41 error syscall kill
42 error path C:\Users\alexa\Documents\eleven_rifas-master
43 error errno -4048
44 error Error: kill EPERM
44 error     at ChildProcess.kill (node:internal/child_process:512:26)
44 error     at process.handleSignal (C:\Program Files\nodejs\node_modules\npm\node_modules\@npmcli\run-script\lib\signal-manager.js:14:10)
44 error     at process.emit (node:events:519:28) {
44 error   errno: -4048,
44 error   code: 'EPERM',
44 error   syscall: 'kill',
44 error   cmd: 'C:\\Windows\\system32\\cmd.exe',
44 error   args: [ '/d', '/s', '/c', 'next dev' ],
44 error   stdout: null,
44 error   stderr: null,
44 error   event: 'dev',
44 error   script: 'next dev',
44 error   pkgid: 'eleven_rifas@0.1.0',
44 error   path: 'C:\\Users\\alexa\\Documents\\eleven_rifas-master'
44 error }
45 error
45 error The operation was rejected by your operating system.
45 error It's possible that the file was already in use (by a text editor or antivirus),
45 error or that you lack permissions to access it.
45 error
45 error If you believe this might be a permissions issue, please double-check the
45 error permissions of the file and its containing directories, or try running
45 error the command again as root/Administrator.
46 verbose exit -4048
47 timing npm Completed in 21247383ms
48 verbose code -4048
49 error A complete log of this run can be found in: C:\Users\alexa\Documents\eleven_rifas-master\.npm-cache\_logs\2025-08-25T19_30_47_644Z-debug-0.log
