0 verbose cli C:\Program Files\nodejs\node.exe C:\Program Files\nodejs\node_modules\npm\bin\npm-cli.js
1 info using npm@10.5.0
2 info using node@v21.7.0
3 timing npm:load:whichnode Completed in 3ms
4 timing config:load:defaults Completed in 2ms
5 timing config:load:file:C:\Program Files\nodejs\node_modules\npm\npmrc Completed in 7ms
6 timing config:load:builtin Completed in 7ms
7 timing config:load:cli Completed in 2ms
8 timing config:load:env Completed in 0ms
9 timing config:load:file:C:\Users\alexa\Documents\eleven_rifas-master\.npmrc Completed in 1ms
10 timing config:load:project Completed in 4ms
11 timing config:load:file:C:\Users\alexa\.npmrc Completed in 0ms
12 timing config:load:user Completed in 0ms
13 timing config:load:file:C:\Users\alexa\AppData\Roaming\npm\etc\npmrc Completed in 0ms
14 timing config:load:global Completed in 0ms
15 timing config:load:setEnvs Completed in 1ms
16 timing config:load Completed in 16ms
17 timing npm:load:configload Completed in 16ms
18 timing config:load:flatten Completed in 3ms
19 timing npm:load:mkdirpcache Completed in 0ms
20 timing npm:load:mkdirplogs Completed in 1ms
21 verbose title npm run build
22 verbose argv "run" "build"
23 timing npm:load:setTitle Completed in 1ms
24 timing npm:load:display Completed in 0ms
25 verbose logfile logs-max:10 dir:C:\Users\alexa\Documents\eleven_rifas-master\.npm-cache\_logs\2025-09-10T01_19_25_229Z-
26 verbose logfile C:\Users\alexa\Documents\eleven_rifas-master\.npm-cache\_logs\2025-09-10T01_19_25_229Z-debug-0.log
27 timing npm:load:logFile Completed in 12ms
28 timing npm:load:timers Completed in 0ms
29 timing npm:load:configScope Completed in 0ms
30 timing npm:load Completed in 57ms
31 silly logfile start cleaning logs, removing 1 files
32 silly logfile done cleaning log files
33 http fetch GET 200 https://registry.npmjs.org/npm 665ms
34 timing command:run Completed in 80577ms
35 notice
35 notice New [31mmajor[39m version of npm available! [31m10.5.0[39m -> [32m11.6.0[39m
35 notice Changelog: [36mhttps://github.com/npm/cli/releases/tag/v11.6.0[39m
35 notice Run [32mnpm install -g npm@11.6.0[39m to update!
35 notice
36 verbose exit 0
37 timing npm Completed in 80711ms
38 info ok
